2013-07-14 18:39:06,881 - [INFO] - from play in main 
Listening for HTTP on /0:0:0:0:0:0:0:0:9000

2013-07-14 18:39:11,965 - [INFO] - from play in New I/O worker #1 
Application started (Dev)

2013-07-14 18:40:26,216 - [INFO] - from play in New I/O worker #7 
Application started (Dev)

2013-07-14 18:40:44,787 - [INFO] - from play in New I/O worker #1 
Application started (Dev)

2013-07-14 19:00:18,256 - [INFO] - from play in New I/O worker #8 
Application started (Dev)

2013-07-14 19:00:25,007 - [ERROR] - from play in play-internal-execution-context-1 
Cannot invoke the action, eventually got an error: org.h2.jdbc.JdbcSQLException: Table "USERS" not found; SQL statement:
select x2."EMAIL", x2."PASSWORD", x2."NAME" from "USERS" x2 where     lcase(x2."EMAIL")  = 'john.doe@gmail.com' [42102-168]

2013-07-14 19:00:25,024 - [ERROR] - from application in play-internal-execution-context-1 


! @6f15l9b5m - Internal server error, for (POST) [/login] ->

play.api.Application$$anon$1: Execution exception[[JdbcSQLException: Table "USERS" not found; SQL statement:
select x2."EMAIL", x2."PASSWORD", x2."NAME" from "USERS" x2 where     lcase(x2."EMAIL")  = 'john.doe@gmail.com' [42102-168]]]
	at play.api.Application$class.handleError(Application.scala:289) ~[play_2.10.jar:2.1.1]
	at play.api.DefaultApplication.handleError(Application.scala:383) [play_2.10.jar:2.1.1]
	at play.core.server.netty.PlayDefaultUpstreamHandler$$anonfun$handleAction$1$4$$anonfun$apply$28.apply(PlayDefaultUpstreamHandler.scala:403) [play_2.10.jar:2.1.1]
	at play.core.server.netty.PlayDefaultUpstreamHandler$$anonfun$handleAction$1$4$$anonfun$apply$28.apply(PlayDefaultUpstreamHandler.scala:403) [play_2.10.jar:2.1.1]
	at scala.Option.map(Option.scala:145) [scala-library.jar:na]
	at play.core.server.netty.PlayDefaultUpstreamHandler$$anonfun$handleAction$1$4.apply(PlayDefaultUpstreamHandler.scala:403) [play_2.10.jar:2.1.1]
	at play.core.server.netty.PlayDefaultUpstreamHandler$$anonfun$handleAction$1$4.apply(PlayDefaultUpstreamHandler.scala:398) [play_2.10.jar:2.1.1]
	at play.api.libs.concurrent.PlayPromise$$anonfun$extend1$1.apply(Promise.scala:113) [play_2.10.jar:2.1.1]
	at play.api.libs.concurrent.PlayPromise$$anonfun$extend1$1.apply(Promise.scala:113) [play_2.10.jar:2.1.1]
	at play.api.libs.concurrent.PlayPromise$$anonfun$extend$1$$anonfun$apply$1.apply(Promise.scala:104) [play_2.10.jar:2.1.1]
	at scala.concurrent.impl.Future$PromiseCompletingRunnable.liftedTree1$1(Future.scala:24) [scala-library.jar:na]
	at scala.concurrent.impl.Future$PromiseCompletingRunnable.run(Future.scala:24) [scala-library.jar:na]
	at java.util.concurrent.ThreadPoolExecutor.runWorker(ThreadPoolExecutor.java:1145) [na:1.7.0_21]
	at java.util.concurrent.ThreadPoolExecutor$Worker.run(ThreadPoolExecutor.java:615) [na:1.7.0_21]
	at java.lang.Thread.run(Thread.java:722) [na:1.7.0_21]
org.h2.jdbc.JdbcSQLException: Table "USERS" not found; SQL statement:
select x2."EMAIL", x2."PASSWORD", x2."NAME" from "USERS" x2 where     lcase(x2."EMAIL")  = 'john.doe@gmail.com' [42102-168]
	at org.h2.message.DbException.getJdbcSQLException(DbException.java:329) ~[h2.jar:1.3.168]
	at org.h2.message.DbException.get(DbException.java:169) ~[h2.jar:1.3.168]
	at org.h2.message.DbException.get(DbException.java:146) ~[h2.jar:1.3.168]
	at org.h2.command.Parser.readTableOrView(Parser.java:4770) ~[h2.jar:1.3.168]
	at org.h2.command.Parser.readTableFilter(Parser.java:1084) ~[h2.jar:1.3.168]
	at org.h2.command.Parser.parseSelectSimpleFromPart(Parser.java:1690) ~[h2.jar:1.3.168]
	at org.h2.command.Parser.parseSelectSimple(Parser.java:1797) ~[h2.jar:1.3.168]
	at org.h2.command.Parser.parseSelectSub(Parser.java:1684) ~[h2.jar:1.3.168]
	at org.h2.command.Parser.parseSelectUnion(Parser.java:1527) ~[h2.jar:1.3.168]
	at org.h2.command.Parser.parseSelect(Parser.java:1515) ~[h2.jar:1.3.168]
	at org.h2.command.Parser.parsePrepared(Parser.java:405) ~[h2.jar:1.3.168]
	at org.h2.command.Parser.parse(Parser.java:279) ~[h2.jar:1.3.168]
	at org.h2.command.Parser.parse(Parser.java:251) ~[h2.jar:1.3.168]
	at org.h2.command.Parser.prepareCommand(Parser.java:217) ~[h2.jar:1.3.168]
	at org.h2.engine.Session.prepareLocal(Session.java:415) ~[h2.jar:1.3.168]
	at org.h2.engine.Session.prepareCommand(Session.java:364) ~[h2.jar:1.3.168]
	at org.h2.jdbc.JdbcConnection.prepareCommand(JdbcConnection.java:1109) ~[h2.jar:1.3.168]
	at org.h2.jdbc.JdbcPreparedStatement.<init>(JdbcPreparedStatement.java:74) ~[h2.jar:1.3.168]
	at org.h2.jdbc.JdbcConnection.prepareStatement(JdbcConnection.java:626) ~[h2.jar:1.3.168]
	at scala.slick.session.Session$class.prepareStatement(Session.scala:29) ~[slick_2.10-1.0.1.jar:1.0.1]
	at scala.slick.session.BaseSession.prepareStatement(Session.scala:201) ~[slick_2.10-1.0.1.jar:1.0.1]
	at scala.slick.jdbc.StatementInvoker.results(StatementInvoker.scala:29) ~[slick_2.10-1.0.1.jar:1.0.1]
	at scala.slick.jdbc.StatementInvoker.elementsTo(StatementInvoker.scala:17) ~[slick_2.10-1.0.1.jar:1.0.1]
	at scala.slick.jdbc.Invoker$class.foreach(Invoker.scala:90) ~[slick_2.10-1.0.1.jar:1.0.1]
	at scala.slick.jdbc.StatementInvoker.foreach(StatementInvoker.scala:10) ~[slick_2.10-1.0.1.jar:1.0.1]
	at scala.slick.jdbc.Invoker$class.firstOption(Invoker.scala:41) ~[slick_2.10-1.0.1.jar:1.0.1]
	at scala.slick.jdbc.StatementInvoker.firstOption(StatementInvoker.scala:10) ~[slick_2.10-1.0.1.jar:1.0.1]
	at scala.slick.jdbc.UnitInvoker$class.firstOption(Invoker.scala:148) ~[slick_2.10-1.0.1.jar:1.0.1]
	at scala.slick.driver.BasicInvokerComponent$QueryInvoker.firstOption(BasicInvokerComponent.scala:19) ~[slick_2.10-1.0.1.jar:1.0.1]
	at models.Account$$anonfun$1.apply(Account.scala:55) ~[na:na]
	at models.Account$$anonfun$1.apply(Account.scala:45) ~[na:na]
	at scala.util.DynamicVariable.withValue(DynamicVariable.scala:57) ~[scala-library.jar:na]
	at scala.slick.session.Database$$anonfun$withSession$1.apply(Database.scala:46) ~[slick_2.10-1.0.1.jar:1.0.1]
	at scala.slick.session.Database$$anonfun$withSession$1.apply(Database.scala:46) ~[slick_2.10-1.0.1.jar:1.0.1]
	at scala.slick.session.Database.withSession(Database.scala:38) ~[slick_2.10-1.0.1.jar:1.0.1]
	at scala.slick.session.Database.withSession(Database.scala:46) ~[slick_2.10-1.0.1.jar:1.0.1]
	at models.Account$.findBy(Account.scala:45) ~[na:na]
	at models.Account$.findByEmail(Account.scala:38) ~[na:na]
	at models.Account$.authenticate(Account.scala:20) ~[na:na]
	at controllers.Application$$anonfun$2.apply(Application.scala:18) ~[na:na]
	at controllers.Application$$anonfun$2.apply(Application.scala:17) ~[na:na]
	at play.api.data.Mapping$$anonfun$verifying$2.apply(Form.scala:493) ~[play_2.10.jar:2.1.1]
	at play.api.data.Mapping$$anonfun$verifying$2.apply(Form.scala:492) ~[play_2.10.jar:2.1.1]
	at play.api.data.validation.Constraint.apply(Validation.scala:21) ~[play_2.10.jar:2.1.1]
	at play.api.data.Mapping$$anonfun$collectErrors$2.apply(Form.scala:519) ~[play_2.10.jar:2.1.1]
	at play.api.data.Mapping$$anonfun$collectErrors$2.apply(Form.scala:519) ~[play_2.10.jar:2.1.1]
	at scala.collection.TraversableLike$$anonfun$map$1.apply(TraversableLike.scala:244) ~[scala-library.jar:na]
	at scala.collection.TraversableLike$$anonfun$map$1.apply(TraversableLike.scala:244) ~[scala-library.jar:na]
	at scala.collection.immutable.List.foreach(List.scala:309) ~[scala-library.jar:na]
	at scala.collection.TraversableLike$class.map(TraversableLike.scala:244) ~[scala-library.jar:na]
	at scala.collection.AbstractTraversable.map(Traversable.scala:105) ~[scala-library.jar:na]
	at play.api.data.Mapping$class.collectErrors(Form.scala:519) ~[play_2.10.jar:2.1.1]
	at play.api.data.ObjectMapping2.collectErrors(ObjectMappings.scala:6) ~[play_2.10.jar:2.1.1]
	at play.api.data.Mapping$$anonfun$applyConstraints$1.apply(Form.scala:514) ~[play_2.10.jar:2.1.1]
	at play.api.data.Mapping$$anonfun$applyConstraints$1.apply(Form.scala:513) ~[play_2.10.jar:2.1.1]
	at scala.util.Either$RightProjection.flatMap(Either.scala:523) ~[scala-library.jar:na]
	at play.api.data.Mapping$class.applyConstraints(Form.scala:513) ~[play_2.10.jar:2.1.1]
	at play.api.data.ObjectMapping2.applyConstraints(ObjectMappings.scala:6) ~[play_2.10.jar:2.1.1]
	at play.api.data.ObjectMapping2.bind(ObjectMappings.scala:16) ~[play_2.10.jar:2.1.1]
	at play.api.data.Form.bind(Form.scala:55) ~[play_2.10.jar:2.1.1]
	at play.api.data.Form.bindFromRequest(Form.scala:87) ~[play_2.10.jar:2.1.1]
	at play.api.data.Form.bindFromRequest(Form.scala:73) ~[play_2.10.jar:2.1.1]
	at controllers.Application$$anonfun$authenticate$1.apply(Application.scala:37) ~[na:na]
	at controllers.Application$$anonfun$authenticate$1.apply(Application.scala:36) ~[na:na]
	at play.api.mvc.ActionBuilder$$anon$1.apply(Action.scala:217) ~[play_2.10.jar:2.1.1]
	at play.api.mvc.Action$$anonfun$apply$1$$anonfun$apply$2$$anonfun$apply$5$$anonfun$apply$6.apply(Action.scala:109) ~[play_2.10.jar:2.1.1]
	at play.api.mvc.Action$$anonfun$apply$1$$anonfun$apply$2$$anonfun$apply$5$$anonfun$apply$6.apply(Action.scala:109) ~[play_2.10.jar:2.1.1]
	at play.utils.Threads$.withContextClassLoader(Threads.scala:18) ~[play_2.10.jar:2.1.1]
	at play.api.mvc.Action$$anonfun$apply$1$$anonfun$apply$2$$anonfun$apply$5.apply(Action.scala:108) ~[play_2.10.jar:2.1.1]
	at play.api.mvc.Action$$anonfun$apply$1$$anonfun$apply$2$$anonfun$apply$5.apply(Action.scala:106) ~[play_2.10.jar:2.1.1]
	at scala.Option.map(Option.scala:145) [scala-library.jar:na]
	at play.api.mvc.Action$$anonfun$apply$1$$anonfun$apply$2.apply(Action.scala:106) ~[play_2.10.jar:2.1.1]
	at play.api.mvc.Action$$anonfun$apply$1$$anonfun$apply$2.apply(Action.scala:99) ~[play_2.10.jar:2.1.1]
	at scala.concurrent.impl.Future$PromiseCompletingRunnable.liftedTree1$1(Future.scala:24) [scala-library.jar:na]
	at scala.concurrent.impl.Future$PromiseCompletingRunnable.run(Future.scala:24) [scala-library.jar:na]
	at akka.dispatch.TaskInvocation.run(AbstractDispatcher.scala:137) ~[akka-actor_2.10.jar:na]
	at scala.concurrent.forkjoin.ForkJoinTask$AdaptedRunnableAction.exec(ForkJoinTask.java:1417) ~[scala-library.jar:na]
	at scala.concurrent.forkjoin.ForkJoinTask.doExec(ForkJoinTask.java:262) ~[scala-library.jar:na]
	at scala.concurrent.forkjoin.ForkJoinPool$WorkQueue.runTask(ForkJoinPool.java:975) ~[scala-library.jar:na]
	at scala.concurrent.forkjoin.ForkJoinPool.runWorker(ForkJoinPool.java:1478) ~[scala-library.jar:na]
	at scala.concurrent.forkjoin.ForkJoinWorkerThread.run(ForkJoinWorkerThread.java:104) ~[scala-library.jar:na]

2013-07-14 19:00:49,049 - [ERROR] - from application in play-internal-execution-context-5 


! @6f15lakk1 - Internal server error, for (GET) [/public] ->

play.api.Application$$anon$1: Execution exception[[JdbcSQLException: Table "RIBBITS" not found; SQL statement:
select x2."CONTENT", x2."SENDER", x2."DATETIME" from "RIBBITS" x2 [42102-168]]]
	at play.api.Application$class.handleError(Application.scala:289) ~[play_2.10.jar:2.1.1]
	at play.api.DefaultApplication.handleError(Application.scala:383) [play_2.10.jar:2.1.1]
	at play.core.server.netty.PlayDefaultUpstreamHandler$$anonfun$17$$anonfun$apply$24.apply(PlayDefaultUpstreamHandler.scala:326) [play_2.10.jar:2.1.1]
	at play.core.server.netty.PlayDefaultUpstreamHandler$$anonfun$17$$anonfun$apply$24.apply(PlayDefaultUpstreamHandler.scala:324) [play_2.10.jar:2.1.1]
	at play.api.libs.concurrent.PlayPromise$$anonfun$extend1$1.apply(Promise.scala:113) [play_2.10.jar:2.1.1]
	at play.api.libs.concurrent.PlayPromise$$anonfun$extend1$1.apply(Promise.scala:113) [play_2.10.jar:2.1.1]
	at play.api.libs.concurrent.PlayPromise$$anonfun$extend$1$$anonfun$apply$1.apply(Promise.scala:104) [play_2.10.jar:2.1.1]
	at scala.concurrent.impl.Future$PromiseCompletingRunnable.liftedTree1$1(Future.scala:24) [scala-library.jar:na]
	at scala.concurrent.impl.Future$PromiseCompletingRunnable.run(Future.scala:24) [scala-library.jar:na]
	at java.util.concurrent.ThreadPoolExecutor.runWorker(ThreadPoolExecutor.java:1145) [na:1.7.0_21]
	at java.util.concurrent.ThreadPoolExecutor$Worker.run(ThreadPoolExecutor.java:615) [na:1.7.0_21]
	at java.lang.Thread.run(Thread.java:722) [na:1.7.0_21]
org.h2.jdbc.JdbcSQLException: Table "RIBBITS" not found; SQL statement:
select x2."CONTENT", x2."SENDER", x2."DATETIME" from "RIBBITS" x2 [42102-168]
	at org.h2.message.DbException.getJdbcSQLException(DbException.java:329) ~[h2.jar:1.3.168]
	at org.h2.message.DbException.get(DbException.java:169) ~[h2.jar:1.3.168]
	at org.h2.message.DbException.get(DbException.java:146) ~[h2.jar:1.3.168]
	at org.h2.command.Parser.readTableOrView(Parser.java:4770) ~[h2.jar:1.3.168]
	at org.h2.command.Parser.readTableFilter(Parser.java:1084) ~[h2.jar:1.3.168]
	at org.h2.command.Parser.parseSelectSimpleFromPart(Parser.java:1690) ~[h2.jar:1.3.168]
	at org.h2.command.Parser.parseSelectSimple(Parser.java:1797) ~[h2.jar:1.3.168]
	at org.h2.command.Parser.parseSelectSub(Parser.java:1684) ~[h2.jar:1.3.168]
	at org.h2.command.Parser.parseSelectUnion(Parser.java:1527) ~[h2.jar:1.3.168]
	at org.h2.command.Parser.parseSelect(Parser.java:1515) ~[h2.jar:1.3.168]
	at org.h2.command.Parser.parsePrepared(Parser.java:405) ~[h2.jar:1.3.168]
	at org.h2.command.Parser.parse(Parser.java:279) ~[h2.jar:1.3.168]
	at org.h2.command.Parser.parse(Parser.java:251) ~[h2.jar:1.3.168]
	at org.h2.command.Parser.prepareCommand(Parser.java:217) ~[h2.jar:1.3.168]
	at org.h2.engine.Session.prepareLocal(Session.java:415) ~[h2.jar:1.3.168]
	at org.h2.engine.Session.prepareCommand(Session.java:364) ~[h2.jar:1.3.168]
	at org.h2.jdbc.JdbcConnection.prepareCommand(JdbcConnection.java:1109) ~[h2.jar:1.3.168]
	at org.h2.jdbc.JdbcPreparedStatement.<init>(JdbcPreparedStatement.java:74) ~[h2.jar:1.3.168]
	at org.h2.jdbc.JdbcConnection.prepareStatement(JdbcConnection.java:626) ~[h2.jar:1.3.168]
	at scala.slick.session.Session$class.prepareStatement(Session.scala:29) ~[slick_2.10-1.0.1.jar:1.0.1]
	at scala.slick.session.BaseSession.prepareStatement(Session.scala:201) ~[slick_2.10-1.0.1.jar:1.0.1]
	at scala.slick.jdbc.StatementInvoker.results(StatementInvoker.scala:29) ~[slick_2.10-1.0.1.jar:1.0.1]
	at scala.slick.jdbc.StatementInvoker.elementsTo(StatementInvoker.scala:17) ~[slick_2.10-1.0.1.jar:1.0.1]
	at scala.slick.jdbc.Invoker$class.foreach(Invoker.scala:90) ~[slick_2.10-1.0.1.jar:1.0.1]
	at scala.slick.jdbc.StatementInvoker.foreach(StatementInvoker.scala:10) ~[slick_2.10-1.0.1.jar:1.0.1]
	at scala.slick.jdbc.Invoker$class.build(Invoker.scala:66) ~[slick_2.10-1.0.1.jar:1.0.1]
	at scala.slick.jdbc.StatementInvoker.build(StatementInvoker.scala:10) ~[slick_2.10-1.0.1.jar:1.0.1]
	at scala.slick.jdbc.Invoker$class.list(Invoker.scala:56) ~[slick_2.10-1.0.1.jar:1.0.1]
	at scala.slick.jdbc.StatementInvoker.list(StatementInvoker.scala:10) ~[slick_2.10-1.0.1.jar:1.0.1]
	at scala.slick.jdbc.UnitInvoker$class.list(Invoker.scala:150) ~[slick_2.10-1.0.1.jar:1.0.1]
	at scala.slick.driver.BasicInvokerComponent$QueryInvoker.list(BasicInvokerComponent.scala:19) ~[slick_2.10-1.0.1.jar:1.0.1]
	at models.RibbitRepository$$anonfun$1.apply(RibbitRepository.scala:47) ~[na:na]
	at models.RibbitRepository$$anonfun$1.apply(RibbitRepository.scala:45) ~[na:na]
	at scala.util.DynamicVariable.withValue(DynamicVariable.scala:57) ~[scala-library.jar:na]
	at scala.slick.session.Database$$anonfun$withSession$1.apply(Database.scala:46) ~[slick_2.10-1.0.1.jar:1.0.1]
	at scala.slick.session.Database$$anonfun$withSession$1.apply(Database.scala:46) ~[slick_2.10-1.0.1.jar:1.0.1]
	at scala.slick.session.Database.withSession(Database.scala:38) ~[slick_2.10-1.0.1.jar:1.0.1]
	at scala.slick.session.Database.withSession(Database.scala:46) ~[slick_2.10-1.0.1.jar:1.0.1]
	at models.RibbitRepository$.findAll(RibbitRepository.scala:45) ~[na:na]
	at controllers.Ribbits$$anonfun$public$1.apply(Ribbits.scala:34) ~[na:na]
	at controllers.Ribbits$$anonfun$public$1.apply(Ribbits.scala:32) ~[na:na]
	at play.api.mvc.ActionBuilder$$anon$1.apply(Action.scala:217) ~[play_2.10.jar:2.1.1]
	at play.api.mvc.Action$$anonfun$apply$1$$anonfun$apply$2$$anonfun$apply$5$$anonfun$apply$6.apply(Action.scala:109) ~[play_2.10.jar:2.1.1]
	at play.api.mvc.Action$$anonfun$apply$1$$anonfun$apply$2$$anonfun$apply$5$$anonfun$apply$6.apply(Action.scala:109) ~[play_2.10.jar:2.1.1]
	at play.utils.Threads$.withContextClassLoader(Threads.scala:18) ~[play_2.10.jar:2.1.1]
	at play.api.mvc.Action$$anonfun$apply$1$$anonfun$apply$2$$anonfun$apply$5.apply(Action.scala:108) ~[play_2.10.jar:2.1.1]
	at play.api.mvc.Action$$anonfun$apply$1$$anonfun$apply$2$$anonfun$apply$5.apply(Action.scala:106) ~[play_2.10.jar:2.1.1]
	at scala.Option.map(Option.scala:145) ~[scala-library.jar:na]
	at play.api.mvc.Action$$anonfun$apply$1$$anonfun$apply$2.apply(Action.scala:106) ~[play_2.10.jar:2.1.1]
	at play.api.mvc.Action$$anonfun$apply$1$$anonfun$apply$2.apply(Action.scala:99) ~[play_2.10.jar:2.1.1]
	at scala.concurrent.impl.Future$PromiseCompletingRunnable.liftedTree1$1(Future.scala:24) [scala-library.jar:na]
	at scala.concurrent.impl.Future$PromiseCompletingRunnable.run(Future.scala:24) [scala-library.jar:na]
	at akka.dispatch.TaskInvocation.run(AbstractDispatcher.scala:137) ~[akka-actor_2.10.jar:na]
	at scala.concurrent.forkjoin.ForkJoinTask$AdaptedRunnableAction.exec(ForkJoinTask.java:1417) ~[scala-library.jar:na]
	at scala.concurrent.forkjoin.ForkJoinTask.doExec(ForkJoinTask.java:262) ~[scala-library.jar:na]
	at scala.concurrent.forkjoin.ForkJoinPool$WorkQueue.runTask(ForkJoinPool.java:975) ~[scala-library.jar:na]
	at scala.concurrent.forkjoin.ForkJoinPool.runWorker(ForkJoinPool.java:1478) ~[scala-library.jar:na]
	at scala.concurrent.forkjoin.ForkJoinWorkerThread.run(ForkJoinWorkerThread.java:104) ~[scala-library.jar:na]

2013-07-14 19:02:40,755 - [INFO] - from play in New I/O worker #14 
Application started (Dev)

2013-07-14 19:07:27,628 - [ERROR] - from application in New I/O worker #16 


! @6f15m7c9o - Internal server error, for (GET) [/public] ->

sbt.PlayExceptions$CompilationException: Compilation error[not found: value User]
	at sbt.PlayReloader$$anon$2$$anonfun$reload$2$$anonfun$apply$15$$anonfun$apply$16.apply(PlayReloader.scala:349) ~[na:na]
	at sbt.PlayReloader$$anon$2$$anonfun$reload$2$$anonfun$apply$15$$anonfun$apply$16.apply(PlayReloader.scala:349) ~[na:na]
	at scala.Option.map(Option.scala:133) ~[scala-library.jar:na]
	at sbt.PlayReloader$$anon$2$$anonfun$reload$2$$anonfun$apply$15.apply(PlayReloader.scala:349) ~[na:na]
	at sbt.PlayReloader$$anon$2$$anonfun$reload$2$$anonfun$apply$15.apply(PlayReloader.scala:346) ~[na:na]
	at scala.Option.map(Option.scala:133) ~[scala-library.jar:na]
	at sbt.PlayReloader$$anon$2$$anonfun$reload$2.apply(PlayReloader.scala:346) ~[na:na]
	at sbt.PlayReloader$$anon$2$$anonfun$reload$2.apply(PlayReloader.scala:344) ~[na:na]
	at scala.Either$LeftProjection.map(Either.scala:374) ~[na:na]
	at sbt.PlayReloader$$anon$2.reload(PlayReloader.scala:344) ~[na:na]
	at play.core.ReloadableApplication.get(ApplicationProvider.scala:98) ~[play_2.10.jar:2.1.1]
	at play.core.server.Server$class.sendHandler$1(Server.scala:56) [play_2.10.jar:2.1.1]
	at play.core.server.Server$$anonfun$getHandlerFor$4.apply(Server.scala:88) [play_2.10.jar:2.1.1]
	at play.core.server.Server$$anonfun$getHandlerFor$4.apply(Server.scala:87) [play_2.10.jar:2.1.1]
	at scala.util.Either$RightProjection.flatMap(Either.scala:523) [scala-library.jar:na]
	at play.core.server.Server$class.getHandlerFor(Server.scala:87) [play_2.10.jar:2.1.1]
	at play.core.server.NettyServer.getHandlerFor(NettyServer.scala:34) [play_2.10.jar:2.1.1]
	at play.core.server.netty.PlayDefaultUpstreamHandler$$anonfun$6.apply(PlayDefaultUpstreamHandler.scala:115) [play_2.10.jar:2.1.1]
	at play.core.server.netty.PlayDefaultUpstreamHandler$$anonfun$6.apply(PlayDefaultUpstreamHandler.scala:115) [play_2.10.jar:2.1.1]
	at scala.util.Either.fold(Either.scala:98) [scala-library.jar:na]
	at play.core.server.netty.PlayDefaultUpstreamHandler.messageReceived(PlayDefaultUpstreamHandler.scala:109) [play_2.10.jar:2.1.1]
	at org.jboss.netty.channel.SimpleChannelUpstreamHandler.handleUpstream(SimpleChannelUpstreamHandler.java:70) [netty.jar:na]
	at org.jboss.netty.channel.DefaultChannelPipeline.sendUpstream(DefaultChannelPipeline.java:560) [netty.jar:na]
	at org.jboss.netty.channel.DefaultChannelPipeline$DefaultChannelHandlerContext.sendUpstream(DefaultChannelPipeline.java:787) [netty.jar:na]
	at org.jboss.netty.handler.codec.http.HttpContentDecoder.messageReceived(HttpContentDecoder.java:108) [netty.jar:na]
	at org.jboss.netty.channel.SimpleChannelUpstreamHandler.handleUpstream(SimpleChannelUpstreamHandler.java:70) [netty.jar:na]
	at org.jboss.netty.channel.DefaultChannelPipeline.sendUpstream(DefaultChannelPipeline.java:560) [netty.jar:na]
	at org.jboss.netty.channel.DefaultChannelPipeline$DefaultChannelHandlerContext.sendUpstream(DefaultChannelPipeline.java:787) [netty.jar:na]
	at org.jboss.netty.channel.Channels.fireMessageReceived(Channels.java:296) [netty.jar:na]
	at org.jboss.netty.handler.codec.frame.FrameDecoder.unfoldAndFireMessageReceived(FrameDecoder.java:459) [netty.jar:na]
	at org.jboss.netty.handler.codec.replay.ReplayingDecoder.callDecode(ReplayingDecoder.java:536) [netty.jar:na]
	at org.jboss.netty.handler.codec.replay.ReplayingDecoder.messageReceived(ReplayingDecoder.java:435) [netty.jar:na]
	at org.jboss.netty.channel.SimpleChannelUpstreamHandler.handleUpstream(SimpleChannelUpstreamHandler.java:70) [netty.jar:na]
	at org.jboss.netty.channel.DefaultChannelPipeline.sendUpstream(DefaultChannelPipeline.java:560) [netty.jar:na]
	at org.jboss.netty.channel.DefaultChannelPipeline.sendUpstream(DefaultChannelPipeline.java:555) [netty.jar:na]
	at org.jboss.netty.channel.Channels.fireMessageReceived(Channels.java:268) [netty.jar:na]
	at org.jboss.netty.channel.Channels.fireMessageReceived(Channels.java:255) [netty.jar:na]
	at org.jboss.netty.channel.socket.nio.NioWorker.read(NioWorker.java:88) [netty.jar:na]
	at org.jboss.netty.channel.socket.nio.AbstractNioWorker.process(AbstractNioWorker.java:107) [netty.jar:na]
	at org.jboss.netty.channel.socket.nio.AbstractNioSelector.run(AbstractNioSelector.java:312) [netty.jar:na]
	at org.jboss.netty.channel.socket.nio.AbstractNioWorker.run(AbstractNioWorker.java:88) [netty.jar:na]
	at org.jboss.netty.channel.socket.nio.NioWorker.run(NioWorker.java:178) [netty.jar:na]
	at org.jboss.netty.util.ThreadRenamingRunnable.run(ThreadRenamingRunnable.java:108) [netty.jar:na]
	at org.jboss.netty.util.internal.DeadLockProofWorker$1.run(DeadLockProofWorker.java:42) [netty.jar:na]
	at java.util.concurrent.ThreadPoolExecutor.runWorker(ThreadPoolExecutor.java:1145) [na:1.7.0_21]
	at java.util.concurrent.ThreadPoolExecutor$Worker.run(ThreadPoolExecutor.java:615) [na:1.7.0_21]
	at java.lang.Thread.run(Thread.java:722) [na:1.7.0_21]

2013-07-14 19:08:28,068 - [INFO] - from play in New I/O worker #16 
Application started (Dev)

2013-07-14 19:09:21,354 - [INFO] - from play in New I/O worker #6 
Application started (Dev)

